  cube.cpp
  main.cpp
C:\Users\zgaya\source\repos\TANK\main.cpp(41,21): warning C4305: 'initializing': truncation from 'double' to 'float'
C:\Users\zgaya\source\repos\TANK\main.cpp(41,40): warning C4305: '+=': truncation from 'double' to 'float'
C:\Users\zgaya\source\repos\TANK\main.cpp(44,24): warning C4305: 'argument': truncation from 'double' to 'GLfloat'
C:\Users\zgaya\source\repos\TANK\main.cpp(45,25): warning C4305: 'argument': truncation from 'double' to 'GLfloat'
C:\Users\zgaya\source\repos\TANK\main.cpp(48,25): warning C4305: 'argument': truncation from 'double' to 'GLfloat'
C:\Users\zgaya\source\repos\TANK\main.cpp(49,24): warning C4305: 'argument': truncation from 'double' to 'GLfloat'
C:\Users\zgaya\source\repos\TANK\main.cpp(102,28): warning C4305: 'argument': truncation from 'double' to 'float'
C:\Users\zgaya\source\repos\TANK\main.cpp(104,29): warning C4305: 'argument': truncation from 'double' to 'float'
C:\Users\zgaya\source\repos\TANK\main.cpp(136,28): warning C4244: '=': conversion from 'double' to 'float', possible loss of data
C:\Users\zgaya\source\repos\TANK\main.cpp(137,29): warning C4244: '=': conversion from 'double' to 'float', possible loss of data
  tank.cpp
C:\Users\zgaya\source\repos\TANK\main.cpp(159,27): warning C4305: 'argument': truncation from 'double' to 'float'
C:\Users\zgaya\source\repos\TANK\tank.cpp(36,12): warning C4244: '=': conversion from 'double' to 'float', possible loss of data
C:\Users\zgaya\source\repos\TANK\tank.cpp(37,12): warning C4244: '=': conversion from 'double' to 'float', possible loss of data
C:\Users\zgaya\source\repos\TANK\tank.cpp(59,23): warning C4244: 'argument': conversion from 'double' to 'GLfloat', possible loss of data
C:\Users\zgaya\source\repos\TANK\tank.cpp(62,23): warning C4244: 'argument': conversion from 'double' to 'GLfloat', possible loss of data
C:\Users\zgaya\source\repos\TANK\tank.cpp(71,23): warning C4244: 'argument': conversion from 'double' to 'GLfloat', possible loss of data
C:\Users\zgaya\source\repos\TANK\tank.cpp(75,28): warning C4244: 'argument': conversion from 'double' to 'GLfloat', possible loss of data
C:\Users\zgaya\source\repos\TANK\tank.cpp(75,18): warning C4244: 'argument': conversion from 'double' to 'GLfloat', possible loss of data
C:\Users\zgaya\source\repos\TANK\tank.cpp(77,19): warning C4244: 'argument': conversion from 'double' to 'GLfloat', possible loss of data
C:\Users\zgaya\source\repos\TANK\tank.cpp(81,35): warning C4244: 'argument': conversion from 'double' to 'float', possible loss of data
C:\Users\zgaya\source\repos\TANK\tank.cpp(81,23): warning C4244: 'argument': conversion from 'double' to 'float', possible loss of data
C:\Users\zgaya\source\repos\TANK\tank.cpp(81,12): warning C4244: 'argument': conversion from 'double' to 'float', possible loss of data
C:\Users\zgaya\source\repos\TANK\tank.cpp(88,13): warning C4244: 'initializing': conversion from 'double' to 'float', possible loss of data
C:\Users\zgaya\source\repos\TANK\tank.cpp(88,32): warning C4244: 'initializing': conversion from 'double' to 'float', possible loss of data
C:\Users\zgaya\source\repos\TANK\tank.cpp(88,53): warning C4244: 'initializing': conversion from 'double' to 'float', possible loss of data
C:\Users\zgaya\source\repos\TANK\tank.cpp(96,58): warning C4244: 'argument': conversion from 'double' to 'GLfloat', possible loss of data
C:\Users\zgaya\source\repos\TANK\tank.cpp(96,46): warning C4244: 'argument': conversion from 'double' to 'GLfloat', possible loss of data
C:\Users\zgaya\source\repos\TANK\tank.cpp(96,26): warning C4244: 'argument': conversion from 'double' to 'GLfloat', possible loss of data
C:\Users\zgaya\source\repos\TANK\tank.cpp(98,59): warning C4244: 'argument': conversion from 'double' to 'GLfloat', possible loss of data
C:\Users\zgaya\source\repos\TANK\tank.cpp(98,46): warning C4244: 'argument': conversion from 'double' to 'GLfloat', possible loss of data
C:\Users\zgaya\source\repos\TANK\tank.cpp(98,26): warning C4244: 'argument': conversion from 'double' to 'GLfloat', possible loss of data
C:\Users\zgaya\source\repos\TANK\tank.cpp(100,38): warning C4244: 'argument': conversion from 'double' to 'GLfloat', possible loss of data
C:\Users\zgaya\source\repos\TANK\tank.cpp(100,23): warning C4244: 'argument': conversion from 'double' to 'GLfloat', possible loss of data
C:\Users\zgaya\source\repos\TANK\tank.cpp(102,37): warning C4244: 'argument': conversion from 'double' to 'GLfloat', possible loss of data
C:\Users\zgaya\source\repos\TANK\tank.cpp(102,23): warning C4244: 'argument': conversion from 'double' to 'GLfloat', possible loss of data
C:\Users\zgaya\source\repos\TANK\tank.cpp(107,38): warning C4244: 'argument': conversion from 'double' to 'GLfloat', possible loss of data
C:\Users\zgaya\source\repos\TANK\tank.cpp(107,23): warning C4244: 'argument': conversion from 'double' to 'GLfloat', possible loss of data
C:\Users\zgaya\source\repos\TANK\tank.cpp(108,37): warning C4244: 'argument': conversion from 'double' to 'GLfloat', possible loss of data
C:\Users\zgaya\source\repos\TANK\tank.cpp(108,23): warning C4244: 'argument': conversion from 'double' to 'GLfloat', possible loss of data
C:\Users\zgaya\source\repos\TANK\tank.cpp(109,45): warning C4244: 'argument': conversion from 'double' to 'GLfloat', possible loss of data
C:\Users\zgaya\source\repos\TANK\tank.cpp(109,32): warning C4244: 'argument': conversion from 'double' to 'GLfloat', possible loss of data
C:\Users\zgaya\source\repos\TANK\tank.cpp(109,20): warning C4244: 'argument': conversion from 'double' to 'GLfloat', possible loss of data
C:\Users\zgaya\source\repos\TANK\tank.cpp(110,46): warning C4244: 'argument': conversion from 'double' to 'GLfloat', possible loss of data
C:\Users\zgaya\source\repos\TANK\tank.cpp(110,32): warning C4244: 'argument': conversion from 'double' to 'GLfloat', possible loss of data
C:\Users\zgaya\source\repos\TANK\tank.cpp(110,20): warning C4244: 'argument': conversion from 'double' to 'GLfloat', possible loss of data
C:\Users\zgaya\source\repos\TANK\tank.cpp(115,45): warning C4244: 'argument': conversion from 'double' to 'GLfloat', possible loss of data
C:\Users\zgaya\source\repos\TANK\tank.cpp(115,32): warning C4244: 'argument': conversion from 'double' to 'GLfloat', possible loss of data
C:\Users\zgaya\source\repos\TANK\tank.cpp(115,20): warning C4244: 'argument': conversion from 'double' to 'GLfloat', possible loss of data
C:\Users\zgaya\source\repos\TANK\tank.cpp(116,46): warning C4244: 'argument': conversion from 'double' to 'GLfloat', possible loss of data
C:\Users\zgaya\source\repos\TANK\tank.cpp(116,32): warning C4244: 'argument': conversion from 'double' to 'GLfloat', possible loss of data
C:\Users\zgaya\source\repos\TANK\tank.cpp(116,20): warning C4244: 'argument': conversion from 'double' to 'GLfloat', possible loss of data
C:\Users\zgaya\source\repos\TANK\tank.cpp(117,58): warning C4244: 'argument': conversion from 'double' to 'GLfloat', possible loss of data
C:\Users\zgaya\source\repos\TANK\tank.cpp(117,45): warning C4244: 'argument': conversion from 'double' to 'GLfloat', possible loss of data
C:\Users\zgaya\source\repos\TANK\tank.cpp(117,25): warning C4244: 'argument': conversion from 'double' to 'GLfloat', possible loss of data
C:\Users\zgaya\source\repos\TANK\tank.cpp(118,57): warning C4244: 'argument': conversion from 'double' to 'GLfloat', possible loss of data
C:\Users\zgaya\source\repos\TANK\tank.cpp(118,45): warning C4244: 'argument': conversion from 'double' to 'GLfloat', possible loss of data
C:\Users\zgaya\source\repos\TANK\tank.cpp(118,25): warning C4244: 'argument': conversion from 'double' to 'GLfloat', possible loss of data
C:\Users\zgaya\source\repos\TANK\tank.cpp(123,58): warning C4244: 'argument': conversion from 'double' to 'GLfloat', possible loss of data
C:\Users\zgaya\source\repos\TANK\tank.cpp(123,45): warning C4244: 'argument': conversion from 'double' to 'GLfloat', possible loss of data
C:\Users\zgaya\source\repos\TANK\tank.cpp(123,25): warning C4244: 'argument': conversion from 'double' to 'GLfloat', possible loss of data
C:\Users\zgaya\source\repos\TANK\tank.cpp(124,57): warning C4244: 'argument': conversion from 'double' to 'GLfloat', possible loss of data
C:\Users\zgaya\source\repos\TANK\tank.cpp(124,45): warning C4244: 'argument': conversion from 'double' to 'GLfloat', possible loss of data
C:\Users\zgaya\source\repos\TANK\tank.cpp(124,25): warning C4244: 'argument': conversion from 'double' to 'GLfloat', possible loss of data
C:\Users\zgaya\source\repos\TANK\tank.cpp(125,44): warning C4244: 'argument': conversion from 'double' to 'GLfloat', possible loss of data
C:\Users\zgaya\source\repos\TANK\tank.cpp(125,32): warning C4244: 'argument': conversion from 'double' to 'GLfloat', possible loss of data
C:\Users\zgaya\source\repos\TANK\tank.cpp(125,20): warning C4244: 'argument': conversion from 'double' to 'GLfloat', possible loss of data
C:\Users\zgaya\source\repos\TANK\tank.cpp(126,45): warning C4244: 'argument': conversion from 'double' to 'GLfloat', possible loss of data
C:\Users\zgaya\source\repos\TANK\tank.cpp(126,32): warning C4244: 'argument': conversion from 'double' to 'GLfloat', possible loss of data
C:\Users\zgaya\source\repos\TANK\tank.cpp(126,20): warning C4244: 'argument': conversion from 'double' to 'GLfloat', possible loss of data
C:\Users\zgaya\source\repos\TANK\tank.cpp(132,45): warning C4244: 'argument': conversion from 'double' to 'GLfloat', possible loss of data
C:\Users\zgaya\source\repos\TANK\tank.cpp(132,33): warning C4244: 'argument': conversion from 'double' to 'GLfloat', possible loss of data
C:\Users\zgaya\source\repos\TANK\tank.cpp(132,20): warning C4244: 'argument': conversion from 'double' to 'GLfloat', possible loss of data
C:\Users\zgaya\source\repos\TANK\tank.cpp(133,46): warning C4244: 'argument': conversion from 'double' to 'GLfloat', possible loss of data
C:\Users\zgaya\source\repos\TANK\tank.cpp(133,33): warning C4244: 'argument': conversion from 'double' to 'GLfloat', possible loss of data
C:\Users\zgaya\source\repos\TANK\tank.cpp(133,20): warning C4244: 'argument': conversion from 'double' to 'GLfloat', possible loss of data
C:\Users\zgaya\source\repos\TANK\tank.cpp(134,46): warning C4244: 'argument': conversion from 'double' to 'GLfloat', possible loss of data
C:\Users\zgaya\source\repos\TANK\tank.cpp(134,33): warning C4244: 'argument': conversion from 'double' to 'GLfloat', possible loss of data
C:\Users\zgaya\source\repos\TANK\tank.cpp(134,20): warning C4244: 'argument': conversion from 'double' to 'GLfloat', possible loss of data
C:\Users\zgaya\source\repos\TANK\tank.cpp(135,45): warning C4244: 'argument': conversion from 'double' to 'GLfloat', possible loss of data
C:\Users\zgaya\source\repos\TANK\tank.cpp(135,33): warning C4244: 'argument': conversion from 'double' to 'GLfloat', possible loss of data
C:\Users\zgaya\source\repos\TANK\tank.cpp(135,20): warning C4244: 'argument': conversion from 'double' to 'GLfloat', possible loss of data
C:\Users\zgaya\source\repos\TANK\tank.cpp(144,59): warning C4244: 'argument': conversion from 'double' to 'GLfloat', possible loss of data
C:\Users\zgaya\source\repos\TANK\tank.cpp(144,47): warning C4244: 'argument': conversion from 'double' to 'GLfloat', possible loss of data
C:\Users\zgaya\source\repos\TANK\tank.cpp(144,26): warning C4244: 'argument': conversion from 'double' to 'GLfloat', possible loss of data
C:\Users\zgaya\source\repos\TANK\tank.cpp(145,60): warning C4244: 'argument': conversion from 'double' to 'GLfloat', possible loss of data
C:\Users\zgaya\source\repos\TANK\tank.cpp(145,47): warning C4244: 'argument': conversion from 'double' to 'GLfloat', possible loss of data
C:\Users\zgaya\source\repos\TANK\tank.cpp(145,26): warning C4244: 'argument': conversion from 'double' to 'GLfloat', possible loss of data
C:\Users\zgaya\source\repos\TANK\tank.cpp(146,38): warning C4244: 'argument': conversion from 'double' to 'GLfloat', possible loss of data
C:\Users\zgaya\source\repos\TANK\tank.cpp(146,24): warning C4244: 'argument': conversion from 'double' to 'GLfloat', possible loss of data
C:\Users\zgaya\source\repos\TANK\tank.cpp(147,37): warning C4244: 'argument': conversion from 'double' to 'GLfloat', possible loss of data
C:\Users\zgaya\source\repos\TANK\tank.cpp(147,24): warning C4244: 'argument': conversion from 'double' to 'GLfloat', possible loss of data
C:\Users\zgaya\source\repos\TANK\tank.cpp(152,38): warning C4244: 'argument': conversion from 'double' to 'GLfloat', possible loss of data
C:\Users\zgaya\source\repos\TANK\tank.cpp(152,24): warning C4244: 'argument': conversion from 'double' to 'GLfloat', possible loss of data
C:\Users\zgaya\source\repos\TANK\tank.cpp(153,37): warning C4244: 'argument': conversion from 'double' to 'GLfloat', possible loss of data
C:\Users\zgaya\source\repos\TANK\tank.cpp(153,24): warning C4244: 'argument': conversion from 'double' to 'GLfloat', possible loss of data
C:\Users\zgaya\source\repos\TANK\tank.cpp(154,46): warning C4244: 'argument': conversion from 'double' to 'GLfloat', possible loss of data
C:\Users\zgaya\source\repos\TANK\tank.cpp(154,33): warning C4244: 'argument': conversion from 'double' to 'GLfloat', possible loss of data
C:\Users\zgaya\source\repos\TANK\tank.cpp(154,20): warning C4244: 'argument': conversion from 'double' to 'GLfloat', possible loss of data
C:\Users\zgaya\source\repos\TANK\tank.cpp(155,47): warning C4244: 'argument': conversion from 'double' to 'GLfloat', possible loss of data
C:\Users\zgaya\source\repos\TANK\tank.cpp(155,33): warning C4244: 'argument': conversion from 'double' to 'GLfloat', possible loss of data
C:\Users\zgaya\source\repos\TANK\tank.cpp(155,20): warning C4244: 'argument': conversion from 'double' to 'GLfloat', possible loss of data
C:\Users\zgaya\source\repos\TANK\tank.cpp(160,44): warning C4244: 'argument': conversion from 'double' to 'GLfloat', possible loss of data
C:\Users\zgaya\source\repos\TANK\tank.cpp(160,33): warning C4244: 'argument': conversion from 'double' to 'GLfloat', possible loss of data
C:\Users\zgaya\source\repos\TANK\tank.cpp(160,20): warning C4244: 'argument': conversion from 'double' to 'GLfloat', possible loss of data
C:\Users\zgaya\source\repos\TANK\tank.cpp(161,45): warning C4244: 'argument': conversion from 'double' to 'GLfloat', possible loss of data
C:\Users\zgaya\source\repos\TANK\tank.cpp(161,33): warning C4244: 'argument': conversion from 'double' to 'GLfloat', possible loss of data
C:\Users\zgaya\source\repos\TANK\tank.cpp(161,20): warning C4244: 'argument': conversion from 'double' to 'GLfloat', possible loss of data
C:\Users\zgaya\source\repos\TANK\tank.cpp(162,60): warning C4244: 'argument': conversion from 'double' to 'GLfloat', possible loss of data
C:\Users\zgaya\source\repos\TANK\tank.cpp(162,45): warning C4244: 'argument': conversion from 'double' to 'GLfloat', possible loss of data
C:\Users\zgaya\source\repos\TANK\tank.cpp(162,25): warning C4244: 'argument': conversion from 'double' to 'GLfloat', possible loss of data
C:\Users\zgaya\source\repos\TANK\tank.cpp(163,59): warning C4244: 'argument': conversion from 'double' to 'GLfloat', possible loss of data
C:\Users\zgaya\source\repos\TANK\tank.cpp(163,45): warning C4244: 'argument': conversion from 'double' to 'GLfloat', possible loss of data
C:\Users\zgaya\source\repos\TANK\tank.cpp(163,25): warning C4244: 'argument': conversion from 'double' to 'GLfloat', possible loss of data
C:\Users\zgaya\source\repos\TANK\tank.cpp(168,57): warning C4244: 'argument': conversion from 'double' to 'GLfloat', possible loss of data
C:\Users\zgaya\source\repos\TANK\tank.cpp(168,45): warning C4244: 'argument': conversion from 'double' to 'GLfloat', possible loss of data
C:\Users\zgaya\source\repos\TANK\tank.cpp(168,25): warning C4244: 'argument': conversion from 'double' to 'GLfloat', possible loss of data
C:\Users\zgaya\source\repos\TANK\tank.cpp(169,58): warning C4244: 'argument': conversion from 'double' to 'GLfloat', possible loss of data
C:\Users\zgaya\source\repos\TANK\tank.cpp(169,45): warning C4244: 'argument': conversion from 'double' to 'GLfloat', possible loss of data
C:\Users\zgaya\source\repos\TANK\tank.cpp(169,25): warning C4244: 'argument': conversion from 'double' to 'GLfloat', possible loss of data
C:\Users\zgaya\source\repos\TANK\tank.cpp(170,48): warning C4244: 'argument': conversion from 'double' to 'GLfloat', possible loss of data
C:\Users\zgaya\source\repos\TANK\tank.cpp(170,33): warning C4244: 'argument': conversion from 'double' to 'GLfloat', possible loss of data
C:\Users\zgaya\source\repos\TANK\tank.cpp(170,20): warning C4244: 'argument': conversion from 'double' to 'GLfloat', possible loss of data
C:\Users\zgaya\source\repos\TANK\tank.cpp(171,47): warning C4244: 'argument': conversion from 'double' to 'GLfloat', possible loss of data
C:\Users\zgaya\source\repos\TANK\tank.cpp(171,33): warning C4244: 'argument': conversion from 'double' to 'GLfloat', possible loss of data
C:\Users\zgaya\source\repos\TANK\tank.cpp(171,20): warning C4244: 'argument': conversion from 'double' to 'GLfloat', possible loss of data
C:\Users\zgaya\source\repos\TANK\tank.cpp(176,46): warning C4244: 'argument': conversion from 'double' to 'GLfloat', possible loss of data
C:\Users\zgaya\source\repos\TANK\tank.cpp(176,33): warning C4244: 'argument': conversion from 'double' to 'GLfloat', possible loss of data
C:\Users\zgaya\source\repos\TANK\tank.cpp(176,20): warning C4244: 'argument': conversion from 'double' to 'GLfloat', possible loss of data
C:\Users\zgaya\source\repos\TANK\tank.cpp(177,47): warning C4244: 'argument': conversion from 'double' to 'GLfloat', possible loss of data
C:\Users\zgaya\source\repos\TANK\tank.cpp(177,33): warning C4244: 'argument': conversion from 'double' to 'GLfloat', possible loss of data
C:\Users\zgaya\source\repos\TANK\tank.cpp(177,20): warning C4244: 'argument': conversion from 'double' to 'GLfloat', possible loss of data
C:\Users\zgaya\source\repos\TANK\tank.cpp(178,48): warning C4244: 'argument': conversion from 'double' to 'GLfloat', possible loss of data
C:\Users\zgaya\source\repos\TANK\tank.cpp(178,33): warning C4244: 'argument': conversion from 'double' to 'GLfloat', possible loss of data
C:\Users\zgaya\source\repos\TANK\tank.cpp(178,20): warning C4244: 'argument': conversion from 'double' to 'GLfloat', possible loss of data
C:\Users\zgaya\source\repos\TANK\tank.cpp(179,47): warning C4244: 'argument': conversion from 'double' to 'GLfloat', possible loss of data
C:\Users\zgaya\source\repos\TANK\tank.cpp(179,33): warning C4244: 'argument': conversion from 'double' to 'GLfloat', possible loss of data
C:\Users\zgaya\source\repos\TANK\tank.cpp(179,20): warning C4244: 'argument': conversion from 'double' to 'GLfloat', possible loss of data
C:\Users\zgaya\source\repos\TANK\tank.cpp(185,60): warning C4244: 'argument': conversion from 'double' to 'GLfloat', possible loss of data
C:\Users\zgaya\source\repos\TANK\tank.cpp(185,46): warning C4244: 'argument': conversion from 'double' to 'GLfloat', possible loss of data
C:\Users\zgaya\source\repos\TANK\tank.cpp(185,26): warning C4244: 'argument': conversion from 'double' to 'GLfloat', possible loss of data
C:\Users\zgaya\source\repos\TANK\tank.cpp(186,62): warning C4244: 'argument': conversion from 'double' to 'GLfloat', possible loss of data
C:\Users\zgaya\source\repos\TANK\tank.cpp(186,47): warning C4244: 'argument': conversion from 'double' to 'GLfloat', possible loss of data
C:\Users\zgaya\source\repos\TANK\tank.cpp(186,26): warning C4244: 'argument': conversion from 'double' to 'GLfloat', possible loss of data
C:\Users\zgaya\source\repos\TANK\tank.cpp(187,61): warning C4244: 'argument': conversion from 'double' to 'GLfloat', possible loss of data
C:\Users\zgaya\source\repos\TANK\tank.cpp(187,47): warning C4244: 'argument': conversion from 'double' to 'GLfloat', possible loss of data
C:\Users\zgaya\source\repos\TANK\tank.cpp(187,26): warning C4244: 'argument': conversion from 'double' to 'GLfloat', possible loss of data
C:\Users\zgaya\source\repos\TANK\tank.cpp(188,59): warning C4244: 'argument': conversion from 'double' to 'GLfloat', possible loss of data
C:\Users\zgaya\source\repos\TANK\tank.cpp(188,46): warning C4244: 'argument': conversion from 'double' to 'GLfloat', possible loss of data
C:\Users\zgaya\source\repos\TANK\tank.cpp(188,26): warning C4244: 'argument': conversion from 'double' to 'GLfloat', possible loss of data
C:\Users\zgaya\source\repos\TANK\tank.cpp(193,46): warning C4244: 'argument': conversion from 'double' to 'GLfloat', possible loss of data
C:\Users\zgaya\source\repos\TANK\tank.cpp(193,32): warning C4244: 'argument': conversion from 'double' to 'GLfloat', possible loss of data
C:\Users\zgaya\source\repos\TANK\tank.cpp(193,20): warning C4244: 'argument': conversion from 'double' to 'GLfloat', possible loss of data
C:\Users\zgaya\source\repos\TANK\tank.cpp(194,60): warning C4244: 'argument': conversion from 'double' to 'GLfloat', possible loss of data
C:\Users\zgaya\source\repos\TANK\tank.cpp(194,37): warning C4244: 'argument': conversion from 'double' to 'GLfloat', possible loss of data
C:\Users\zgaya\source\repos\TANK\tank.cpp(194,20): warning C4244: 'argument': conversion from 'double' to 'GLfloat', possible loss of data
C:\Users\zgaya\source\repos\TANK\tank.cpp(195,59): warning C4244: 'argument': conversion from 'double' to 'GLfloat', possible loss of data
C:\Users\zgaya\source\repos\TANK\tank.cpp(195,37): warning C4244: 'argument': conversion from 'double' to 'GLfloat', possible loss of data
C:\Users\zgaya\source\repos\TANK\tank.cpp(195,20): warning C4244: 'argument': conversion from 'double' to 'GLfloat', possible loss of data
C:\Users\zgaya\source\repos\TANK\tank.cpp(196,45): warning C4244: 'argument': conversion from 'double' to 'GLfloat', possible loss of data
C:\Users\zgaya\source\repos\TANK\tank.cpp(196,32): warning C4244: 'argument': conversion from 'double' to 'GLfloat', possible loss of data
C:\Users\zgaya\source\repos\TANK\tank.cpp(196,20): warning C4244: 'argument': conversion from 'double' to 'GLfloat', possible loss of data
C:\Users\zgaya\source\repos\TANK\tank.cpp(200,45): warning C4244: 'argument': conversion from 'double' to 'GLfloat', possible loss of data
C:\Users\zgaya\source\repos\TANK\tank.cpp(200,33): warning C4244: 'argument': conversion from 'double' to 'GLfloat', possible loss of data
C:\Users\zgaya\source\repos\TANK\tank.cpp(200,20): warning C4244: 'argument': conversion from 'double' to 'GLfloat', possible loss of data
C:\Users\zgaya\source\repos\TANK\tank.cpp(201,46): warning C4244: 'argument': conversion from 'double' to 'GLfloat', possible loss of data
C:\Users\zgaya\source\repos\TANK\tank.cpp(201,33): warning C4244: 'argument': conversion from 'double' to 'GLfloat', possible loss of data
C:\Users\zgaya\source\repos\TANK\tank.cpp(201,20): warning C4244: 'argument': conversion from 'double' to 'GLfloat', possible loss of data
C:\Users\zgaya\source\repos\TANK\tank.cpp(202,45): warning C4244: 'argument': conversion from 'double' to 'GLfloat', possible loss of data
C:\Users\zgaya\source\repos\TANK\tank.cpp(202,33): warning C4244: 'argument': conversion from 'double' to 'GLfloat', possible loss of data
C:\Users\zgaya\source\repos\TANK\tank.cpp(202,20): warning C4244: 'argument': conversion from 'double' to 'GLfloat', possible loss of data
C:\Users\zgaya\source\repos\TANK\tank.cpp(203,44): warning C4244: 'argument': conversion from 'double' to 'GLfloat', possible loss of data
C:\Users\zgaya\source\repos\TANK\tank.cpp(203,33): warning C4244: 'argument': conversion from 'double' to 'GLfloat', possible loss of data
C:\Users\zgaya\source\repos\TANK\tank.cpp(203,20): warning C4244: 'argument': conversion from 'double' to 'GLfloat', possible loss of data
C:\Users\zgaya\source\repos\TANK\tank.cpp(210,60): warning C4244: 'argument': conversion from 'double' to 'GLfloat', possible loss of data
C:\Users\zgaya\source\repos\TANK\tank.cpp(210,47): warning C4244: 'argument': conversion from 'double' to 'GLfloat', possible loss of data
C:\Users\zgaya\source\repos\TANK\tank.cpp(210,26): warning C4244: 'argument': conversion from 'double' to 'GLfloat', possible loss of data
C:\Users\zgaya\source\repos\TANK\tank.cpp(211,59): warning C4244: 'argument': conversion from 'double' to 'GLfloat', possible loss of data
C:\Users\zgaya\source\repos\TANK\tank.cpp(211,46): warning C4244: 'argument': conversion from 'double' to 'GLfloat', possible loss of data
C:\Users\zgaya\source\repos\TANK\tank.cpp(211,26): warning C4244: 'argument': conversion from 'double' to 'GLfloat', possible loss of data
C:\Users\zgaya\source\repos\TANK\tank.cpp(212,38): warning C4244: 'argument': conversion from 'double' to 'GLfloat', possible loss of data
C:\Users\zgaya\source\repos\TANK\tank.cpp(212,23): warning C4244: 'argument': conversion from 'double' to 'GLfloat', possible loss of data
C:\Users\zgaya\source\repos\TANK\tank.cpp(213,38): warning C4244: 'argument': conversion from 'double' to 'GLfloat', possible loss of data
C:\Users\zgaya\source\repos\TANK\tank.cpp(213,24): warning C4244: 'argument': conversion from 'double' to 'GLfloat', possible loss of data
C:\Users\zgaya\source\repos\TANK\tank.cpp(218,38): warning C4244: 'argument': conversion from 'double' to 'GLfloat', possible loss of data
C:\Users\zgaya\source\repos\TANK\tank.cpp(218,23): warning C4244: 'argument': conversion from 'double' to 'GLfloat', possible loss of data
C:\Users\zgaya\source\repos\TANK\tank.cpp(219,38): warning C4244: 'argument': conversion from 'double' to 'GLfloat', possible loss of data
C:\Users\zgaya\source\repos\TANK\tank.cpp(219,24): warning C4244: 'argument': conversion from 'double' to 'GLfloat', possible loss of data
C:\Users\zgaya\source\repos\TANK\tank.cpp(220,47): warning C4244: 'argument': conversion from 'double' to 'GLfloat', possible loss of data
C:\Users\zgaya\source\repos\TANK\tank.cpp(220,33): warning C4244: 'argument': conversion from 'double' to 'GLfloat', possible loss of data
C:\Users\zgaya\source\repos\TANK\tank.cpp(220,20): warning C4244: 'argument': conversion from 'double' to 'GLfloat', possible loss of data
C:\Users\zgaya\source\repos\TANK\tank.cpp(221,47): warning C4244: 'argument': conversion from 'double' to 'GLfloat', possible loss of data
C:\Users\zgaya\source\repos\TANK\tank.cpp(221,32): warning C4244: 'argument': conversion from 'double' to 'GLfloat', possible loss of data
C:\Users\zgaya\source\repos\TANK\tank.cpp(221,20): warning C4244: 'argument': conversion from 'double' to 'GLfloat', possible loss of data
C:\Users\zgaya\source\repos\TANK\tank.cpp(226,47): warning C4244: 'argument': conversion from 'double' to 'GLfloat', possible loss of data
C:\Users\zgaya\source\repos\TANK\tank.cpp(226,32): warning C4244: 'argument': conversion from 'double' to 'GLfloat', possible loss of data
C:\Users\zgaya\source\repos\TANK\tank.cpp(226,20): warning C4244: 'argument': conversion from 'double' to 'GLfloat', possible loss of data
C:\Users\zgaya\source\repos\TANK\tank.cpp(227,45): warning C4244: 'argument': conversion from 'double' to 'GLfloat', possible loss of data
C:\Users\zgaya\source\repos\TANK\tank.cpp(227,33): warning C4244: 'argument': conversion from 'double' to 'GLfloat', possible loss of data
C:\Users\zgaya\source\repos\TANK\tank.cpp(227,20): warning C4244: 'argument': conversion from 'double' to 'GLfloat', possible loss of data
C:\Users\zgaya\source\repos\TANK\tank.cpp(228,74): warning C4244: 'argument': conversion from 'double' to 'GLfloat', possible loss of data
C:\Users\zgaya\source\repos\TANK\tank.cpp(228,51): warning C4244: 'argument': conversion from 'double' to 'GLfloat', possible loss of data
C:\Users\zgaya\source\repos\TANK\tank.cpp(228,25): warning C4244: 'argument': conversion from 'double' to 'GLfloat', possible loss of data
C:\Users\zgaya\source\repos\TANK\tank.cpp(229,59): warning C4244: 'argument': conversion from 'double' to 'GLfloat', possible loss of data
C:\Users\zgaya\source\repos\TANK\tank.cpp(229,45): warning C4244: 'argument': conversion from 'double' to 'GLfloat', possible loss of data
C:\Users\zgaya\source\repos\TANK\tank.cpp(229,25): warning C4244: 'argument': conversion from 'double' to 'GLfloat', possible loss of data
C:\Users\zgaya\source\repos\TANK\tank.cpp(234,59): warning C4244: 'argument': conversion from 'double' to 'GLfloat', possible loss of data
C:\Users\zgaya\source\repos\TANK\tank.cpp(234,45): warning C4244: 'argument': conversion from 'double' to 'GLfloat', possible loss of data
C:\Users\zgaya\source\repos\TANK\tank.cpp(234,25): warning C4244: 'argument': conversion from 'double' to 'GLfloat', possible loss of data
C:\Users\zgaya\source\repos\TANK\tank.cpp(235,74): warning C4244: 'argument': conversion from 'double' to 'GLfloat', possible loss of data
C:\Users\zgaya\source\repos\TANK\tank.cpp(235,51): warning C4244: 'argument': conversion from 'double' to 'GLfloat', possible loss of data
C:\Users\zgaya\source\repos\TANK\tank.cpp(235,25): warning C4244: 'argument': conversion from 'double' to 'GLfloat', possible loss of data
C:\Users\zgaya\source\repos\TANK\tank.cpp(236,61): warning C4244: 'argument': conversion from 'double' to 'GLfloat', possible loss of data
C:\Users\zgaya\source\repos\TANK\tank.cpp(236,38): warning C4244: 'argument': conversion from 'double' to 'GLfloat', possible loss of data
C:\Users\zgaya\source\repos\TANK\tank.cpp(236,20): warning C4244: 'argument': conversion from 'double' to 'GLfloat', possible loss of data
C:\Users\zgaya\source\repos\TANK\tank.cpp(237,45): warning C4244: 'argument': conversion from 'double' to 'GLfloat', possible loss of data
C:\Users\zgaya\source\repos\TANK\tank.cpp(237,32): warning C4244: 'argument': conversion from 'double' to 'GLfloat', possible loss of data
C:\Users\zgaya\source\repos\TANK\tank.cpp(237,20): warning C4244: 'argument': conversion from 'double' to 'GLfloat', possible loss of data
C:\Users\zgaya\source\repos\TANK\tank.cpp(242,46): warning C4244: 'argument': conversion from 'double' to 'GLfloat', possible loss of data
C:\Users\zgaya\source\repos\TANK\tank.cpp(242,33): warning C4244: 'argument': conversion from 'double' to 'GLfloat', possible loss of data
C:\Users\zgaya\source\repos\TANK\tank.cpp(242,20): warning C4244: 'argument': conversion from 'double' to 'GLfloat', possible loss of data
C:\Users\zgaya\source\repos\TANK\tank.cpp(243,47): warning C4244: 'argument': conversion from 'double' to 'GLfloat', possible loss of data
C:\Users\zgaya\source\repos\TANK\tank.cpp(243,33): warning C4244: 'argument': conversion from 'double' to 'GLfloat', possible loss of data
C:\Users\zgaya\source\repos\TANK\tank.cpp(243,20): warning C4244: 'argument': conversion from 'double' to 'GLfloat', possible loss of data
C:\Users\zgaya\source\repos\TANK\tank.cpp(244,48): warning C4244: 'argument': conversion from 'double' to 'GLfloat', possible loss of data
C:\Users\zgaya\source\repos\TANK\tank.cpp(244,33): warning C4244: 'argument': conversion from 'double' to 'GLfloat', possible loss of data
C:\Users\zgaya\source\repos\TANK\tank.cpp(244,20): warning C4244: 'argument': conversion from 'double' to 'GLfloat', possible loss of data
C:\Users\zgaya\source\repos\TANK\tank.cpp(245,46): warning C4244: 'argument': conversion from 'double' to 'GLfloat', possible loss of data
C:\Users\zgaya\source\repos\TANK\tank.cpp(245,33): warning C4244: 'argument': conversion from 'double' to 'GLfloat', possible loss of data
C:\Users\zgaya\source\repos\TANK\tank.cpp(245,20): warning C4244: 'argument': conversion from 'double' to 'GLfloat', possible loss of data
C:\Users\zgaya\source\repos\TANK\tank.cpp(306,60): warning C4244: 'argument': conversion from 'double' to 'GLfloat', possible loss of data
C:\Users\zgaya\source\repos\TANK\tank.cpp(306,47): warning C4244: 'argument': conversion from 'double' to 'GLfloat', possible loss of data
C:\Users\zgaya\source\repos\TANK\tank.cpp(306,26): warning C4244: 'argument': conversion from 'double' to 'GLfloat', possible loss of data
C:\Users\zgaya\source\repos\TANK\tank.cpp(307,59): warning C4244: 'argument': conversion from 'double' to 'GLfloat', possible loss of data
C:\Users\zgaya\source\repos\TANK\tank.cpp(307,46): warning C4244: 'argument': conversion from 'double' to 'GLfloat', possible loss of data
C:\Users\zgaya\source\repos\TANK\tank.cpp(307,26): warning C4244: 'argument': conversion from 'double' to 'GLfloat', possible loss of data
C:\Users\zgaya\source\repos\TANK\tank.cpp(308,38): warning C4244: 'argument': conversion from 'double' to 'GLfloat', possible loss of data
C:\Users\zgaya\source\repos\TANK\tank.cpp(308,23): warning C4244: 'argument': conversion from 'double' to 'GLfloat', possible loss of data
C:\Users\zgaya\source\repos\TANK\tank.cpp(309,38): warning C4244: 'argument': conversion from 'double' to 'GLfloat', possible loss of data
C:\Users\zgaya\source\repos\TANK\tank.cpp(309,24): warning C4244: 'argument': conversion from 'double' to 'GLfloat', possible loss of data
C:\Users\zgaya\source\repos\TANK\tank.cpp(314,38): warning C4244: 'argument': conversion from 'double' to 'GLfloat', possible loss of data
C:\Users\zgaya\source\repos\TANK\tank.cpp(314,23): warning C4244: 'argument': conversion from 'double' to 'GLfloat', possible loss of data
C:\Users\zgaya\source\repos\TANK\tank.cpp(315,38): warning C4244: 'argument': conversion from 'double' to 'GLfloat', possible loss of data
C:\Users\zgaya\source\repos\TANK\tank.cpp(315,24): warning C4244: 'argument': conversion from 'double' to 'GLfloat', possible loss of data
C:\Users\zgaya\source\repos\TANK\tank.cpp(316,47): warning C4244: 'argument': conversion from 'double' to 'GLfloat', possible loss of data
C:\Users\zgaya\source\repos\TANK\tank.cpp(316,33): warning C4244: 'argument': conversion from 'double' to 'GLfloat', possible loss of data
C:\Users\zgaya\source\repos\TANK\tank.cpp(316,20): warning C4244: 'argument': conversion from 'double' to 'GLfloat', possible loss of data
C:\Users\zgaya\source\repos\TANK\tank.cpp(317,47): warning C4244: 'argument': conversion from 'double' to 'GLfloat', possible loss of data
C:\Users\zgaya\source\repos\TANK\tank.cpp(317,32): warning C4244: 'argument': conversion from 'double' to 'GLfloat', possible loss of data
C:\Users\zgaya\source\repos\TANK\tank.cpp(317,20): warning C4244: 'argument': conversion from 'double' to 'GLfloat', possible loss of data
C:\Users\zgaya\source\repos\TANK\tank.cpp(322,47): warning C4244: 'argument': conversion from 'double' to 'GLfloat', possible loss of data
C:\Users\zgaya\source\repos\TANK\tank.cpp(322,32): warning C4244: 'argument': conversion from 'double' to 'GLfloat', possible loss of data
C:\Users\zgaya\source\repos\TANK\tank.cpp(322,20): warning C4244: 'argument': conversion from 'double' to 'GLfloat', possible loss of data
C:\Users\zgaya\source\repos\TANK\tank.cpp(323,46): warning C4244: 'argument': conversion from 'double' to 'GLfloat', possible loss of data
C:\Users\zgaya\source\repos\TANK\tank.cpp(323,33): warning C4244: 'argument': conversion from 'double' to 'GLfloat', possible loss of data
C:\Users\zgaya\source\repos\TANK\tank.cpp(323,20): warning C4244: 'argument': conversion from 'double' to 'GLfloat', possible loss of data
C:\Users\zgaya\source\repos\TANK\tank.cpp(324,74): warning C4244: 'argument': conversion from 'double' to 'GLfloat', possible loss of data
C:\Users\zgaya\source\repos\TANK\tank.cpp(324,51): warning C4244: 'argument': conversion from 'double' to 'GLfloat', possible loss of data
C:\Users\zgaya\source\repos\TANK\tank.cpp(324,25): warning C4244: 'argument': conversion from 'double' to 'GLfloat', possible loss of data
C:\Users\zgaya\source\repos\TANK\tank.cpp(325,59): warning C4244: 'argument': conversion from 'double' to 'GLfloat', possible loss of data
C:\Users\zgaya\source\repos\TANK\tank.cpp(325,45): warning C4244: 'argument': conversion from 'double' to 'GLfloat', possible loss of data
C:\Users\zgaya\source\repos\TANK\tank.cpp(325,25): warning C4244: 'argument': conversion from 'double' to 'GLfloat', possible loss of data
C:\Users\zgaya\source\repos\TANK\tank.cpp(330,59): warning C4244: 'argument': conversion from 'double' to 'GLfloat', possible loss of data
C:\Users\zgaya\source\repos\TANK\tank.cpp(330,45): warning C4244: 'argument': conversion from 'double' to 'GLfloat', possible loss of data
C:\Users\zgaya\source\repos\TANK\tank.cpp(330,25): warning C4244: 'argument': conversion from 'double' to 'GLfloat', possible loss of data
C:\Users\zgaya\source\repos\TANK\tank.cpp(331,74): warning C4244: 'argument': conversion from 'double' to 'GLfloat', possible loss of data
C:\Users\zgaya\source\repos\TANK\tank.cpp(331,51): warning C4244: 'argument': conversion from 'double' to 'GLfloat', possible loss of data
C:\Users\zgaya\source\repos\TANK\tank.cpp(331,25): warning C4244: 'argument': conversion from 'double' to 'GLfloat', possible loss of data
C:\Users\zgaya\source\repos\TANK\tank.cpp(332,61): warning C4244: 'argument': conversion from 'double' to 'GLfloat', possible loss of data
C:\Users\zgaya\source\repos\TANK\tank.cpp(332,38): warning C4244: 'argument': conversion from 'double' to 'GLfloat', possible loss of data
C:\Users\zgaya\source\repos\TANK\tank.cpp(332,20): warning C4244: 'argument': conversion from 'double' to 'GLfloat', possible loss of data
C:\Users\zgaya\source\repos\TANK\tank.cpp(333,45): warning C4244: 'argument': conversion from 'double' to 'GLfloat', possible loss of data
C:\Users\zgaya\source\repos\TANK\tank.cpp(333,32): warning C4244: 'argument': conversion from 'double' to 'GLfloat', possible loss of data
C:\Users\zgaya\source\repos\TANK\tank.cpp(333,20): warning C4244: 'argument': conversion from 'double' to 'GLfloat', possible loss of data
C:\Users\zgaya\source\repos\TANK\tank.cpp(338,46): warning C4244: 'argument': conversion from 'double' to 'GLfloat', possible loss of data
C:\Users\zgaya\source\repos\TANK\tank.cpp(338,33): warning C4244: 'argument': conversion from 'double' to 'GLfloat', possible loss of data
C:\Users\zgaya\source\repos\TANK\tank.cpp(338,20): warning C4244: 'argument': conversion from 'double' to 'GLfloat', possible loss of data
C:\Users\zgaya\source\repos\TANK\tank.cpp(339,47): warning C4244: 'argument': conversion from 'double' to 'GLfloat', possible loss of data
C:\Users\zgaya\source\repos\TANK\tank.cpp(339,33): warning C4244: 'argument': conversion from 'double' to 'GLfloat', possible loss of data
C:\Users\zgaya\source\repos\TANK\tank.cpp(339,20): warning C4244: 'argument': conversion from 'double' to 'GLfloat', possible loss of data
C:\Users\zgaya\source\repos\TANK\tank.cpp(340,48): warning C4244: 'argument': conversion from 'double' to 'GLfloat', possible loss of data
C:\Users\zgaya\source\repos\TANK\tank.cpp(340,33): warning C4244: 'argument': conversion from 'double' to 'GLfloat', possible loss of data
C:\Users\zgaya\source\repos\TANK\tank.cpp(340,20): warning C4244: 'argument': conversion from 'double' to 'GLfloat', possible loss of data
C:\Users\zgaya\source\repos\TANK\tank.cpp(341,46): warning C4244: 'argument': conversion from 'double' to 'GLfloat', possible loss of data
C:\Users\zgaya\source\repos\TANK\tank.cpp(341,33): warning C4244: 'argument': conversion from 'double' to 'GLfloat', possible loss of data
C:\Users\zgaya\source\repos\TANK\tank.cpp(341,20): warning C4244: 'argument': conversion from 'double' to 'GLfloat', possible loss of data
C:\Users\zgaya\source\repos\TANK\tank.cpp(352,14): warning C4244: 'initializing': conversion from 'double' to 'float', possible loss of data
C:\Users\zgaya\source\repos\TANK\tank.cpp(352,34): warning C4244: 'initializing': conversion from 'double' to 'float', possible loss of data
C:\Users\zgaya\source\repos\TANK\tank.cpp(352,54): warning C4244: 'initializing': conversion from 'double' to 'float', possible loss of data
C:\Users\zgaya\source\repos\TANK\tank.cpp(352,68): warning C4244: 'initializing': conversion from 'double' to 'float', possible loss of data
C:\Users\zgaya\source\repos\TANK\tank.cpp(352,80): warning C4244: 'initializing': conversion from 'double' to 'float', possible loss of data
C:\Users\zgaya\source\repos\TANK\tank.cpp(356,37): warning C4305: 'argument': truncation from 'double' to 'GLfloat'
C:\Users\zgaya\source\repos\TANK\tank.cpp(357,15): warning C4244: 'initializing': conversion from 'double' to 'float', possible loss of data
C:\Users\zgaya\source\repos\TANK\tank.cpp(357,83): warning C4244: '+=': conversion from 'double' to 'float', possible loss of data
C:\Users\zgaya\source\repos\TANK\tank.cpp(367,37): warning C4305: 'argument': truncation from 'double' to 'GLfloat'
C:\Users\zgaya\source\repos\TANK\tank.cpp(368,15): warning C4244: 'initializing': conversion from 'double' to 'float', possible loss of data
C:\Users\zgaya\source\repos\TANK\tank.cpp(368,95): warning C4244: '+=': conversion from 'double' to 'float', possible loss of data
C:\Users\zgaya\source\repos\TANK\tank.cpp(382,37): warning C4305: 'argument': truncation from 'double' to 'GLfloat'
C:\Users\zgaya\source\repos\TANK\tank.cpp(383,15): warning C4244: 'initializing': conversion from 'double' to 'float', possible loss of data
C:\Users\zgaya\source\repos\TANK\tank.cpp(383,82): warning C4244: '+=': conversion from 'double' to 'float', possible loss of data
C:\Users\zgaya\source\repos\TANK\tank.cpp(393,37): warning C4305: 'argument': truncation from 'double' to 'GLfloat'
C:\Users\zgaya\source\repos\TANK\tank.cpp(394,15): warning C4244: 'initializing': conversion from 'double' to 'float', possible loss of data
C:\Users\zgaya\source\repos\TANK\tank.cpp(394,65): warning C4244: '+=': conversion from 'double' to 'float', possible loss of data
C:\Users\zgaya\source\repos\TANK\tank.cpp(408,37): warning C4305: 'argument': truncation from 'double' to 'GLfloat'
C:\Users\zgaya\source\repos\TANK\tank.cpp(409,15): warning C4244: 'initializing': conversion from 'double' to 'float', possible loss of data
C:\Users\zgaya\source\repos\TANK\tank.cpp(409,76): warning C4244: '+=': conversion from 'double' to 'float', possible loss of data
C:\Users\zgaya\source\repos\TANK\tank.cpp(419,37): warning C4305: 'argument': truncation from 'double' to 'GLfloat'
C:\Users\zgaya\source\repos\TANK\tank.cpp(420,15): warning C4244: 'initializing': conversion from 'double' to 'float', possible loss of data
C:\Users\zgaya\source\repos\TANK\tank.cpp(420,80): warning C4244: '+=': conversion from 'double' to 'float', possible loss of data
C:\Users\zgaya\source\repos\TANK\tank.cpp(438,29): warning C4244: 'argument': conversion from 'double' to 'float', possible loss of data
C:\Users\zgaya\source\repos\TANK\tank.cpp(438,17): warning C4244: 'argument': conversion from 'double' to 'float', possible loss of data
C:\Users\zgaya\source\repos\TANK\tank.cpp(443,14): warning C4244: 'initializing': conversion from 'double' to 'float', possible loss of data
C:\Users\zgaya\source\repos\TANK\tank.cpp(443,34): warning C4244: 'initializing': conversion from 'double' to 'float', possible loss of data
C:\Users\zgaya\source\repos\TANK\tank.cpp(443,54): warning C4244: 'initializing': conversion from 'double' to 'float', possible loss of data
C:\Users\zgaya\source\repos\TANK\tank.cpp(513,45): warning C4244: 'argument': conversion from 'double' to 'GLfloat', possible loss of data
C:\Users\zgaya\source\repos\TANK\tank.cpp(513,34): warning C4244: 'argument': conversion from 'double' to 'GLfloat', possible loss of data
C:\Users\zgaya\source\repos\TANK\tank.cpp(513,22): warning C4244: 'argument': conversion from 'double' to 'GLfloat', possible loss of data
C:\Users\zgaya\source\repos\TANK\tank.cpp(514,23): warning C4305: 'argument': truncation from 'double' to 'GLfloat'
C:\Users\zgaya\source\repos\TANK\tank.cpp(516,24): warning C4305: 'argument': truncation from 'double' to 'GLfloat'
C:\Users\zgaya\source\repos\TANK\tank.cpp(518,30): warning C4244: 'argument': conversion from 'double' to 'GLfloat', possible loss of data
C:\Users\zgaya\source\repos\TANK\tank.cpp(520,31): warning C4244: 'argument': conversion from 'double' to 'GLfloat', possible loss of data
C:\Users\zgaya\source\repos\TANK\tank.cpp(522,35): warning C4244: 'argument': conversion from 'double' to 'GLfloat', possible loss of data
C:\Users\zgaya\source\repos\TANK\tank.cpp(522,21): warning C4244: 'argument': conversion from 'double' to 'GLfloat', possible loss of data
C:\Users\zgaya\source\repos\TANK\tank.cpp(528,24): warning C4305: 'argument': truncation from 'double' to 'GLfloat'
C:\Users\zgaya\source\repos\TANK\tank.cpp(530,54): warning C4305: '+=': truncation from 'double' to 'float'
C:\Users\zgaya\source\repos\TANK\tank.cpp(543,31): warning C4244: 'argument': conversion from 'double' to 'GLfloat', possible loss of data
C:\Users\zgaya\source\repos\TANK\tank.cpp(544,54): warning C4305: '+=': truncation from 'double' to 'float'
C:\Users\zgaya\source\repos\TANK\tank.cpp(556,32): warning C4244: 'argument': conversion from 'double' to 'GLfloat', possible loss of data
C:\Users\zgaya\source\repos\TANK\tank.cpp(557,22): warning C4244: 'argument': conversion from 'double' to 'GLfloat', possible loss of data
C:\Users\zgaya\source\repos\TANK\tank.cpp(560,33): warning C4244: 'argument': conversion from 'double' to 'GLfloat', possible loss of data
C:\Users\zgaya\source\repos\TANK\tank.cpp(560,21): warning C4244: 'argument': conversion from 'double' to 'GLfloat', possible loss of data
C:\Users\zgaya\source\repos\TANK\tank.cpp(562,23): warning C4305: 'argument': truncation from 'double' to 'GLfloat'
C:\Users\zgaya\source\repos\TANK\tank.cpp(564,24): warning C4305: 'argument': truncation from 'double' to 'GLfloat'
C:\Users\zgaya\source\repos\TANK\tank.cpp(566,30): warning C4244: 'argument': conversion from 'double' to 'GLfloat', possible loss of data
C:\Users\zgaya\source\repos\TANK\tank.cpp(568,31): warning C4244: 'argument': conversion from 'double' to 'GLfloat', possible loss of data
C:\Users\zgaya\source\repos\TANK\tank.cpp(574,14): warning C4244: 'initializing': conversion from 'double' to 'float', possible loss of data
C:\Users\zgaya\source\repos\TANK\tank.cpp(574,34): warning C4244: 'initializing': conversion from 'double' to 'float', possible loss of data
C:\Users\zgaya\source\repos\TANK\tank.cpp(574,54): warning C4244: 'initializing': conversion from 'double' to 'float', possible loss of data
C:\Users\zgaya\source\repos\TANK\tank.cpp(604,35): warning C4244: 'argument': conversion from 'double' to 'GLfloat', possible loss of data
C:\Users\zgaya\source\repos\TANK\tank.cpp(604,19): warning C4244: 'argument': conversion from 'double' to 'GLfloat', possible loss of data
C:\Users\zgaya\source\repos\TANK\tank.cpp(605,16): warning C4244: 'initializing': conversion from 'double' to 'float', possible loss of data
C:\Users\zgaya\source\repos\TANK\tank.cpp(605,66): warning C4244: '+=': conversion from 'double' to 'float', possible loss of data
C:\Users\zgaya\source\repos\TANK\tank.cpp(608,29): warning C4244: 'argument': conversion from 'double' to 'float', possible loss of data
C:\Users\zgaya\source\repos\TANK\tank.cpp(608,15): warning C4244: 'argument': conversion from 'double' to 'float', possible loss of data
C:\Users\zgaya\source\repos\TANK\tank.cpp(611,29): warning C4244: 'argument': conversion from 'double' to 'float', possible loss of data
C:\Users\zgaya\source\repos\TANK\tank.cpp(611,15): warning C4244: 'argument': conversion from 'double' to 'float', possible loss of data
C:\Users\zgaya\source\repos\TANK\tank.cpp(613,22): warning C4244: 'argument': conversion from 'double' to 'GLfloat', possible loss of data
C:\Users\zgaya\source\repos\TANK\tank.cpp(617,27): warning C4244: 'argument': conversion from 'double' to 'float', possible loss of data
C:\Users\zgaya\source\repos\TANK\tank.cpp(617,13): warning C4244: 'argument': conversion from 'double' to 'float', possible loss of data
C:\Users\zgaya\source\repos\TANK\tank.cpp(618,36): warning C4244: 'argument': conversion from 'double' to 'GLfloat', possible loss of data
C:\Users\zgaya\source\repos\TANK\tank.cpp(618,21): warning C4244: 'argument': conversion from 'double' to 'GLfloat', possible loss of data
C:\Users\zgaya\source\repos\TANK\tank.cpp(619,27): warning C4244: 'argument': conversion from 'double' to 'float', possible loss of data
C:\Users\zgaya\source\repos\TANK\tank.cpp(619,13): warning C4244: 'argument': conversion from 'double' to 'float', possible loss of data
C:\Users\zgaya\source\repos\TANK\tank.cpp(620,36): warning C4244: 'argument': conversion from 'double' to 'GLfloat', possible loss of data
C:\Users\zgaya\source\repos\TANK\tank.cpp(620,21): warning C4244: 'argument': conversion from 'double' to 'GLfloat', possible loss of data
C:\Users\zgaya\source\repos\TANK\tank.cpp(621,27): warning C4244: 'argument': conversion from 'double' to 'float', possible loss of data
C:\Users\zgaya\source\repos\TANK\tank.cpp(621,13): warning C4244: 'argument': conversion from 'double' to 'float', possible loss of data
C:\Users\zgaya\source\repos\TANK\tank.cpp(622,37): warning C4244: 'argument': conversion from 'double' to 'GLfloat', possible loss of data
C:\Users\zgaya\source\repos\TANK\tank.cpp(622,22): warning C4244: 'argument': conversion from 'double' to 'GLfloat', possible loss of data
C:\Users\zgaya\source\repos\TANK\tank.cpp(623,27): warning C4244: 'argument': conversion from 'double' to 'float', possible loss of data
C:\Users\zgaya\source\repos\TANK\tank.cpp(623,13): warning C4244: 'argument': conversion from 'double' to 'float', possible loss of data
C:\Users\zgaya\source\repos\TANK\tank.cpp(624,37): warning C4244: 'argument': conversion from 'double' to 'GLfloat', possible loss of data
C:\Users\zgaya\source\repos\TANK\tank.cpp(624,22): warning C4244: 'argument': conversion from 'double' to 'GLfloat', possible loss of data
C:\Users\zgaya\source\repos\TANK\tank.cpp(625,27): warning C4244: 'argument': conversion from 'double' to 'float', possible loss of data
C:\Users\zgaya\source\repos\TANK\tank.cpp(625,13): warning C4244: 'argument': conversion from 'double' to 'float', possible loss of data
C:\Users\zgaya\source\repos\TANK\tank.cpp(626,37): warning C4244: 'argument': conversion from 'double' to 'GLfloat', possible loss of data
C:\Users\zgaya\source\repos\TANK\tank.cpp(626,22): warning C4244: 'argument': conversion from 'double' to 'GLfloat', possible loss of data
C:\Users\zgaya\source\repos\TANK\tank.cpp(627,27): warning C4244: 'argument': conversion from 'double' to 'float', possible loss of data
C:\Users\zgaya\source\repos\TANK\tank.cpp(627,13): warning C4244: 'argument': conversion from 'double' to 'float', possible loss of data
C:\Users\zgaya\source\repos\TANK\tank.cpp(628,37): warning C4244: 'argument': conversion from 'double' to 'GLfloat', possible loss of data
C:\Users\zgaya\source\repos\TANK\tank.cpp(628,22): warning C4244: 'argument': conversion from 'double' to 'GLfloat', possible loss of data
C:\Users\zgaya\source\repos\TANK\tank.cpp(629,27): warning C4244: 'argument': conversion from 'double' to 'float', possible loss of data
C:\Users\zgaya\source\repos\TANK\tank.cpp(629,13): warning C4244: 'argument': conversion from 'double' to 'float', possible loss of data
C:\Users\zgaya\source\repos\TANK\tank.cpp(630,37): warning C4244: 'argument': conversion from 'double' to 'GLfloat', possible loss of data
C:\Users\zgaya\source\repos\TANK\tank.cpp(630,22): warning C4244: 'argument': conversion from 'double' to 'GLfloat', possible loss of data
C:\Users\zgaya\source\repos\TANK\tank.cpp(631,27): warning C4244: 'argument': conversion from 'double' to 'float', possible loss of data
C:\Users\zgaya\source\repos\TANK\tank.cpp(631,13): warning C4244: 'argument': conversion from 'double' to 'float', possible loss of data
C:\Users\zgaya\source\repos\TANK\tank.cpp(632,37): warning C4244: 'argument': conversion from 'double' to 'GLfloat', possible loss of data
C:\Users\zgaya\source\repos\TANK\tank.cpp(632,22): warning C4244: 'argument': conversion from 'double' to 'GLfloat', possible loss of data
C:\Users\zgaya\source\repos\TANK\tank.cpp(633,27): warning C4244: 'argument': conversion from 'double' to 'float', possible loss of data
C:\Users\zgaya\source\repos\TANK\tank.cpp(633,13): warning C4244: 'argument': conversion from 'double' to 'float', possible loss of data
C:\Users\zgaya\source\repos\TANK\tank.cpp(636,16): warning C4244: 'initializing': conversion from 'double' to 'float', possible loss of data
C:\Users\zgaya\source\repos\TANK\tank.cpp(636,66): warning C4244: '-=': conversion from 'double' to 'float', possible loss of data
C:\Users\zgaya\source\repos\TANK\tank.cpp(639,29): warning C4244: 'argument': conversion from 'double' to 'float', possible loss of data
C:\Users\zgaya\source\repos\TANK\tank.cpp(639,15): warning C4244: 'argument': conversion from 'double' to 'float', possible loss of data
C:\Users\zgaya\source\repos\TANK\tank.cpp(642,29): warning C4244: 'argument': conversion from 'double' to 'float', possible loss of data
C:\Users\zgaya\source\repos\TANK\tank.cpp(642,15): warning C4244: 'argument': conversion from 'double' to 'float', possible loss of data
C:\Users\zgaya\source\repos\TANK\tank.cpp(644,23): warning C4244: 'argument': conversion from 'double' to 'GLfloat', possible loss of data
C:\Users\zgaya\source\repos\TANK\tank.cpp(648,24): warning C4244: 'argument': conversion from 'double' to 'GLfloat', possible loss of data
C:\Users\zgaya\source\repos\TANK\tank.cpp(649,27): warning C4244: 'argument': conversion from 'double' to 'float', possible loss of data
C:\Users\zgaya\source\repos\TANK\tank.cpp(649,13): warning C4244: 'argument': conversion from 'double' to 'float', possible loss of data
C:\Users\zgaya\source\repos\TANK\tank.cpp(650,24): warning C4244: 'argument': conversion from 'double' to 'GLfloat', possible loss of data
C:\Users\zgaya\source\repos\TANK\tank.cpp(651,27): warning C4244: 'argument': conversion from 'double' to 'float', possible loss of data
C:\Users\zgaya\source\repos\TANK\tank.cpp(651,13): warning C4244: 'argument': conversion from 'double' to 'float', possible loss of data
C:\Users\zgaya\source\repos\TANK\tank.cpp(652,35): warning C4244: 'argument': conversion from 'double' to 'GLfloat', possible loss of data
C:\Users\zgaya\source\repos\TANK\tank.cpp(652,22): warning C4244: 'argument': conversion from 'double' to 'GLfloat', possible loss of data
C:\Users\zgaya\source\repos\TANK\tank.cpp(653,27): warning C4244: 'argument': conversion from 'double' to 'float', possible loss of data
C:\Users\zgaya\source\repos\TANK\tank.cpp(653,13): warning C4244: 'argument': conversion from 'double' to 'float', possible loss of data
C:\Users\zgaya\source\repos\TANK\tank.cpp(654,35): warning C4244: 'argument': conversion from 'double' to 'GLfloat', possible loss of data
C:\Users\zgaya\source\repos\TANK\tank.cpp(654,22): warning C4244: 'argument': conversion from 'double' to 'GLfloat', possible loss of data
C:\Users\zgaya\source\repos\TANK\tank.cpp(655,27): warning C4244: 'argument': conversion from 'double' to 'float', possible loss of data
C:\Users\zgaya\source\repos\TANK\tank.cpp(655,13): warning C4244: 'argument': conversion from 'double' to 'float', possible loss of data
C:\Users\zgaya\source\repos\TANK\tank.cpp(656,28): warning C4244: 'argument': conversion from 'double' to 'GLfloat', possible loss of data
C:\Users\zgaya\source\repos\TANK\tank.cpp(656,39): warning C4305: 'argument': truncation from 'double' to 'GLfloat'
C:\Users\zgaya\source\repos\TANK\tank.cpp(657,27): warning C4244: 'argument': conversion from 'double' to 'float', possible loss of data
C:\Users\zgaya\source\repos\TANK\tank.cpp(657,13): warning C4244: 'argument': conversion from 'double' to 'float', possible loss of data
C:\Users\zgaya\source\repos\TANK\tank.cpp(658,26): warning C4244: 'argument': conversion from 'double' to 'GLfloat', possible loss of data
C:\Users\zgaya\source\repos\TANK\tank.cpp(659,27): warning C4244: 'argument': conversion from 'double' to 'float', possible loss of data
C:\Users\zgaya\source\repos\TANK\tank.cpp(659,13): warning C4244: 'argument': conversion from 'double' to 'float', possible loss of data
C:\Users\zgaya\source\repos\TANK\tank.cpp(660,26): warning C4244: 'argument': conversion from 'double' to 'GLfloat', possible loss of data
C:\Users\zgaya\source\repos\TANK\tank.cpp(661,27): warning C4244: 'argument': conversion from 'double' to 'float', possible loss of data
C:\Users\zgaya\source\repos\TANK\tank.cpp(661,13): warning C4244: 'argument': conversion from 'double' to 'float', possible loss of data
C:\Users\zgaya\source\repos\TANK\tank.cpp(665,44): warning C4244: 'argument': conversion from 'double' to 'GLfloat', possible loss of data
C:\Users\zgaya\source\repos\TANK\tank.cpp(665,28): warning C4244: 'argument': conversion from 'double' to 'GLfloat', possible loss of data
C:\Users\zgaya\source\repos\TANK\tank.cpp(666,16): warning C4244: 'initializing': conversion from 'double' to 'float', possible loss of data
C:\Users\zgaya\source\repos\TANK\tank.cpp(666,66): warning C4244: '+=': conversion from 'double' to 'float', possible loss of data
C:\Users\zgaya\source\repos\TANK\tank.cpp(669,29): warning C4244: 'argument': conversion from 'double' to 'float', possible loss of data
C:\Users\zgaya\source\repos\TANK\tank.cpp(669,15): warning C4244: 'argument': conversion from 'double' to 'float', possible loss of data
C:\Users\zgaya\source\repos\TANK\tank.cpp(672,29): warning C4244: 'argument': conversion from 'double' to 'float', possible loss of data
C:\Users\zgaya\source\repos\TANK\tank.cpp(672,15): warning C4244: 'argument': conversion from 'double' to 'float', possible loss of data
C:\Users\zgaya\source\repos\TANK\tank.cpp(674,22): warning C4244: 'argument': conversion from 'double' to 'GLfloat', possible loss of data
C:\Users\zgaya\source\repos\TANK\tank.cpp(678,27): warning C4244: 'argument': conversion from 'double' to 'float', possible loss of data
C:\Users\zgaya\source\repos\TANK\tank.cpp(678,13): warning C4244: 'argument': conversion from 'double' to 'float', possible loss of data
C:\Users\zgaya\source\repos\TANK\tank.cpp(679,36): warning C4244: 'argument': conversion from 'double' to 'GLfloat', possible loss of data
C:\Users\zgaya\source\repos\TANK\tank.cpp(679,21): warning C4244: 'argument': conversion from 'double' to 'GLfloat', possible loss of data
C:\Users\zgaya\source\repos\TANK\tank.cpp(680,27): warning C4244: 'argument': conversion from 'double' to 'float', possible loss of data
C:\Users\zgaya\source\repos\TANK\tank.cpp(680,13): warning C4244: 'argument': conversion from 'double' to 'float', possible loss of data
C:\Users\zgaya\source\repos\TANK\tank.cpp(681,36): warning C4244: 'argument': conversion from 'double' to 'GLfloat', possible loss of data
C:\Users\zgaya\source\repos\TANK\tank.cpp(681,21): warning C4244: 'argument': conversion from 'double' to 'GLfloat', possible loss of data
C:\Users\zgaya\source\repos\TANK\tank.cpp(682,27): warning C4244: 'argument': conversion from 'double' to 'float', possible loss of data
C:\Users\zgaya\source\repos\TANK\tank.cpp(682,13): warning C4244: 'argument': conversion from 'double' to 'float', possible loss of data
C:\Users\zgaya\source\repos\TANK\tank.cpp(683,37): warning C4244: 'argument': conversion from 'double' to 'GLfloat', possible loss of data
C:\Users\zgaya\source\repos\TANK\tank.cpp(683,22): warning C4244: 'argument': conversion from 'double' to 'GLfloat', possible loss of data
C:\Users\zgaya\source\repos\TANK\tank.cpp(684,27): warning C4244: 'argument': conversion from 'double' to 'float', possible loss of data
C:\Users\zgaya\source\repos\TANK\tank.cpp(684,13): warning C4244: 'argument': conversion from 'double' to 'float', possible loss of data
C:\Users\zgaya\source\repos\TANK\tank.cpp(685,37): warning C4244: 'argument': conversion from 'double' to 'GLfloat', possible loss of data
C:\Users\zgaya\source\repos\TANK\tank.cpp(685,22): warning C4244: 'argument': conversion from 'double' to 'GLfloat', possible loss of data
C:\Users\zgaya\source\repos\TANK\tank.cpp(686,27): warning C4244: 'argument': conversion from 'double' to 'float', possible loss of data
C:\Users\zgaya\source\repos\TANK\tank.cpp(686,13): warning C4244: 'argument': conversion from 'double' to 'float', possible loss of data
C:\Users\zgaya\source\repos\TANK\tank.cpp(687,37): warning C4244: 'argument': conversion from 'double' to 'GLfloat', possible loss of data
C:\Users\zgaya\source\repos\TANK\tank.cpp(687,22): warning C4244: 'argument': conversion from 'double' to 'GLfloat', possible loss of data
C:\Users\zgaya\source\repos\TANK\tank.cpp(688,27): warning C4244: 'argument': conversion from 'double' to 'float', possible loss of data
C:\Users\zgaya\source\repos\TANK\tank.cpp(688,13): warning C4244: 'argument': conversion from 'double' to 'float', possible loss of data
C:\Users\zgaya\source\repos\TANK\tank.cpp(689,37): warning C4244: 'argument': conversion from 'double' to 'GLfloat', possible loss of data
C:\Users\zgaya\source\repos\TANK\tank.cpp(689,22): warning C4244: 'argument': conversion from 'double' to 'GLfloat', possible loss of data
C:\Users\zgaya\source\repos\TANK\tank.cpp(690,27): warning C4244: 'argument': conversion from 'double' to 'float', possible loss of data
C:\Users\zgaya\source\repos\TANK\tank.cpp(690,13): warning C4244: 'argument': conversion from 'double' to 'float', possible loss of data
C:\Users\zgaya\source\repos\TANK\tank.cpp(691,37): warning C4244: 'argument': conversion from 'double' to 'GLfloat', possible loss of data
C:\Users\zgaya\source\repos\TANK\tank.cpp(691,22): warning C4244: 'argument': conversion from 'double' to 'GLfloat', possible loss of data
C:\Users\zgaya\source\repos\TANK\tank.cpp(692,27): warning C4244: 'argument': conversion from 'double' to 'float', possible loss of data
C:\Users\zgaya\source\repos\TANK\tank.cpp(692,13): warning C4244: 'argument': conversion from 'double' to 'float', possible loss of data
C:\Users\zgaya\source\repos\TANK\tank.cpp(693,37): warning C4244: 'argument': conversion from 'double' to 'GLfloat', possible loss of data
C:\Users\zgaya\source\repos\TANK\tank.cpp(693,22): warning C4244: 'argument': conversion from 'double' to 'GLfloat', possible loss of data
C:\Users\zgaya\source\repos\TANK\tank.cpp(694,27): warning C4244: 'argument': conversion from 'double' to 'float', possible loss of data
C:\Users\zgaya\source\repos\TANK\tank.cpp(694,13): warning C4244: 'argument': conversion from 'double' to 'float', possible loss of data
C:\Users\zgaya\source\repos\TANK\tank.cpp(697,16): warning C4244: 'initializing': conversion from 'double' to 'float', possible loss of data
C:\Users\zgaya\source\repos\TANK\tank.cpp(697,66): warning C4244: '-=': conversion from 'double' to 'float', possible loss of data
C:\Users\zgaya\source\repos\TANK\tank.cpp(700,29): warning C4244: 'argument': conversion from 'double' to 'float', possible loss of data
C:\Users\zgaya\source\repos\TANK\tank.cpp(700,15): warning C4244: 'argument': conversion from 'double' to 'float', possible loss of data
C:\Users\zgaya\source\repos\TANK\tank.cpp(703,29): warning C4244: 'argument': conversion from 'double' to 'float', possible loss of data
C:\Users\zgaya\source\repos\TANK\tank.cpp(703,15): warning C4244: 'argument': conversion from 'double' to 'float', possible loss of data
C:\Users\zgaya\source\repos\TANK\tank.cpp(705,23): warning C4244: 'argument': conversion from 'double' to 'GLfloat', possible loss of data
C:\Users\zgaya\source\repos\TANK\tank.cpp(709,24): warning C4244: 'argument': conversion from 'double' to 'GLfloat', possible loss of data
C:\Users\zgaya\source\repos\TANK\tank.cpp(710,27): warning C4244: 'argument': conversion from 'double' to 'float', possible loss of data
C:\Users\zgaya\source\repos\TANK\tank.cpp(710,13): warning C4244: 'argument': conversion from 'double' to 'float', possible loss of data
C:\Users\zgaya\source\repos\TANK\tank.cpp(711,24): warning C4244: 'argument': conversion from 'double' to 'GLfloat', possible loss of data
C:\Users\zgaya\source\repos\TANK\tank.cpp(712,27): warning C4244: 'argument': conversion from 'double' to 'float', possible loss of data
C:\Users\zgaya\source\repos\TANK\tank.cpp(712,13): warning C4244: 'argument': conversion from 'double' to 'float', possible loss of data
C:\Users\zgaya\source\repos\TANK\tank.cpp(713,35): warning C4244: 'argument': conversion from 'double' to 'GLfloat', possible loss of data
C:\Users\zgaya\source\repos\TANK\tank.cpp(713,22): warning C4244: 'argument': conversion from 'double' to 'GLfloat', possible loss of data
C:\Users\zgaya\source\repos\TANK\tank.cpp(714,27): warning C4244: 'argument': conversion from 'double' to 'float', possible loss of data
C:\Users\zgaya\source\repos\TANK\tank.cpp(714,13): warning C4244: 'argument': conversion from 'double' to 'float', possible loss of data
C:\Users\zgaya\source\repos\TANK\tank.cpp(715,35): warning C4244: 'argument': conversion from 'double' to 'GLfloat', possible loss of data
C:\Users\zgaya\source\repos\TANK\tank.cpp(715,22): warning C4244: 'argument': conversion from 'double' to 'GLfloat', possible loss of data
C:\Users\zgaya\source\repos\TANK\tank.cpp(716,27): warning C4244: 'argument': conversion from 'double' to 'float', possible loss of data
C:\Users\zgaya\source\repos\TANK\tank.cpp(716,13): warning C4244: 'argument': conversion from 'double' to 'float', possible loss of data
C:\Users\zgaya\source\repos\TANK\tank.cpp(717,28): warning C4244: 'argument': conversion from 'double' to 'GLfloat', possible loss of data
C:\Users\zgaya\source\repos\TANK\tank.cpp(717,39): warning C4305: 'argument': truncation from 'double' to 'GLfloat'
C:\Users\zgaya\source\repos\TANK\tank.cpp(718,27): warning C4244: 'argument': conversion from 'double' to 'float', possible loss of data
C:\Users\zgaya\source\repos\TANK\tank.cpp(718,13): warning C4244: 'argument': conversion from 'double' to 'float', possible loss of data
C:\Users\zgaya\source\repos\TANK\tank.cpp(719,26): warning C4244: 'argument': conversion from 'double' to 'GLfloat', possible loss of data
C:\Users\zgaya\source\repos\TANK\tank.cpp(720,27): warning C4244: 'argument': conversion from 'double' to 'float', possible loss of data
C:\Users\zgaya\source\repos\TANK\tank.cpp(720,13): warning C4244: 'argument': conversion from 'double' to 'float', possible loss of data
C:\Users\zgaya\source\repos\TANK\tank.cpp(721,26): warning C4244: 'argument': conversion from 'double' to 'GLfloat', possible loss of data
C:\Users\zgaya\source\repos\TANK\tank.cpp(722,27): warning C4244: 'argument': conversion from 'double' to 'float', possible loss of data
C:\Users\zgaya\source\repos\TANK\tank.cpp(722,13): warning C4244: 'argument': conversion from 'double' to 'float', possible loss of data
C:\Users\zgaya\source\repos\TANK\tank.cpp(729,14): warning C4244: 'initializing': conversion from 'double' to 'float', possible loss of data
C:\Users\zgaya\source\repos\TANK\tank.cpp(729,34): warning C4244: 'initializing': conversion from 'double' to 'float', possible loss of data
C:\Users\zgaya\source\repos\TANK\tank.cpp(729,54): warning C4244: 'initializing': conversion from 'double' to 'float', possible loss of data
C:\Users\zgaya\source\repos\TANK\tank.cpp(752,37): warning C4244: 'argument': conversion from 'double' to 'GLfloat', possible loss of data
C:\Users\zgaya\source\repos\TANK\tank.cpp(752,20): warning C4244: 'argument': conversion from 'double' to 'GLfloat', possible loss of data
C:\Users\zgaya\source\repos\TANK\tank.cpp(757,35): warning C4244: 'argument': conversion from 'double' to 'GLfloat', possible loss of data
C:\Users\zgaya\source\repos\TANK\tank.cpp(757,23): warning C4244: 'argument': conversion from 'double' to 'GLfloat', possible loss of data
C:\Users\zgaya\source\repos\TANK\tank.cpp(761,34): warning C4244: 'argument': conversion from 'double' to 'GLfloat', possible loss of data
C:\Users\zgaya\source\repos\TANK\tank.cpp(761,21): warning C4244: 'argument': conversion from 'double' to 'GLfloat', possible loss of data
C:\Users\zgaya\source\repos\TANK\tank.cpp(770,38): warning C4244: 'argument': conversion from 'double' to 'GLfloat', possible loss of data
C:\Users\zgaya\source\repos\TANK\tank.cpp(770,20): warning C4244: 'argument': conversion from 'double' to 'GLfloat', possible loss of data
C:\Users\zgaya\source\repos\TANK\tank.cpp(775,38): warning C4244: 'argument': conversion from 'double' to 'GLfloat', possible loss of data
C:\Users\zgaya\source\repos\TANK\tank.cpp(775,24): warning C4244: 'argument': conversion from 'double' to 'GLfloat', possible loss of data
C:\Users\zgaya\source\repos\TANK\tank.cpp(776,34): warning C4244: 'argument': conversion from 'double' to 'GLfloat', possible loss of data
C:\Users\zgaya\source\repos\TANK\tank.cpp(776,21): warning C4244: 'argument': conversion from 'double' to 'GLfloat', possible loss of data
C:\Users\zgaya\source\repos\TANK\tank.cpp(786,37): warning C4305: 'argument': truncation from 'double' to 'GLfloat'
C:\Users\zgaya\source\repos\TANK\tank.cpp(787,46): warning C4244: 'argument': conversion from 'double' to 'GLfloat', possible loss of data
C:\Users\zgaya\source\repos\TANK\tank.cpp(787,33): warning C4244: 'argument': conversion from 'double' to 'GLfloat', possible loss of data
C:\Users\zgaya\source\repos\TANK\tank.cpp(787,18): warning C4244: 'argument': conversion from 'double' to 'GLfloat', possible loss of data
C:\Users\zgaya\source\repos\TANK\tank.cpp(787,90): warning C4305: 'argument': truncation from 'double' to 'GLfloat'
C:\Users\zgaya\source\repos\TANK\tank.cpp(788,37): warning C4244: 'argument': conversion from 'double' to 'GLfloat', possible loss of data
C:\Users\zgaya\source\repos\TANK\tank.cpp(788,18): warning C4244: 'argument': conversion from 'double' to 'GLfloat', possible loss of data
C:\Users\zgaya\source\repos\TANK\tank.cpp(789,36): warning C4244: 'argument': conversion from 'double' to 'GLfloat', possible loss of data
C:\Users\zgaya\source\repos\TANK\tank.cpp(789,17): warning C4244: 'argument': conversion from 'double' to 'GLfloat', possible loss of data
C:\Users\zgaya\source\repos\TANK\tank.cpp(789,80): warning C4305: 'argument': truncation from 'double' to 'GLfloat'
C:\Users\zgaya\source\repos\TANK\tank.cpp(790,45): warning C4244: 'argument': conversion from 'double' to 'GLfloat', possible loss of data
C:\Users\zgaya\source\repos\TANK\tank.cpp(790,30): warning C4244: 'argument': conversion from 'double' to 'GLfloat', possible loss of data
C:\Users\zgaya\source\repos\TANK\tank.cpp(790,17): warning C4244: 'argument': conversion from 'double' to 'GLfloat', possible loss of data
C:\Users\zgaya\source\repos\TANK\tank.cpp(796,37): warning C4305: 'argument': truncation from 'double' to 'GLfloat'
C:\Users\zgaya\source\repos\TANK\tank.cpp(797,47): warning C4244: 'argument': conversion from 'double' to 'GLfloat', possible loss of data
C:\Users\zgaya\source\repos\TANK\tank.cpp(797,33): warning C4244: 'argument': conversion from 'double' to 'GLfloat', possible loss of data
C:\Users\zgaya\source\repos\TANK\tank.cpp(797,18): warning C4244: 'argument': conversion from 'double' to 'GLfloat', possible loss of data
C:\Users\zgaya\source\repos\TANK\tank.cpp(797,91): warning C4305: 'argument': truncation from 'double' to 'GLfloat'
C:\Users\zgaya\source\repos\TANK\tank.cpp(798,38): warning C4244: 'argument': conversion from 'double' to 'GLfloat', possible loss of data
C:\Users\zgaya\source\repos\TANK\tank.cpp(798,18): warning C4244: 'argument': conversion from 'double' to 'GLfloat', possible loss of data
C:\Users\zgaya\source\repos\TANK\tank.cpp(799,37): warning C4244: 'argument': conversion from 'double' to 'GLfloat', possible loss of data
C:\Users\zgaya\source\repos\TANK\tank.cpp(799,17): warning C4244: 'argument': conversion from 'double' to 'GLfloat', possible loss of data
C:\Users\zgaya\source\repos\TANK\tank.cpp(799,81): warning C4305: 'argument': truncation from 'double' to 'GLfloat'
C:\Users\zgaya\source\repos\TANK\tank.cpp(800,46): warning C4244: 'argument': conversion from 'double' to 'GLfloat', possible loss of data
C:\Users\zgaya\source\repos\TANK\tank.cpp(800,30): warning C4244: 'argument': conversion from 'double' to 'GLfloat', possible loss of data
  texture.cpp
C:\Users\zgaya\source\repos\TANK\tank.cpp(800,17): warning C4244: 'argument': conversion from 'double' to 'GLfloat', possible loss of data
SOIL.lib(SOIL.obj) : warning LNK4075: ignoring '/EDITANDCONTINUE' due to '/OPT:ICF' specification
LINK : warning LNK4098: defaultlib 'MSVCRTD' conflicts with use of other libs; use /NODEFAULTLIB:library
  Generating code
  Previous IPDB not found, fall back to full compilation.
  All 43 functions were compiled because no usable IPDB/IOBJ from previous compilation was found.
  Finished generating code
SOIL.lib(image_DXT.obj) : warning LNK4099: PDB 'vc100.pdb' was not found with 'SOIL.lib(image_DXT.obj)' or at 'C:\Users\zgaya\source\repos\TANK\Release\vc100.pdb'; linking object as if no debug info
SOIL.lib(image_helper.obj) : warning LNK4099: PDB 'vc100.pdb' was not found with 'SOIL.lib(image_helper.obj)' or at 'C:\Users\zgaya\source\repos\TANK\Release\vc100.pdb'; linking object as if no debug info
SOIL.lib(SOIL.obj) : warning LNK4099: PDB 'vc100.pdb' was not found with 'SOIL.lib(SOIL.obj)' or at 'C:\Users\zgaya\source\repos\TANK\Release\vc100.pdb'; linking object as if no debug info
SOIL.lib(stb_image_aug.obj) : warning LNK4099: PDB 'vc100.pdb' was not found with 'SOIL.lib(stb_image_aug.obj)' or at 'C:\Users\zgaya\source\repos\TANK\Release\vc100.pdb'; linking object as if no debug info
  TANK.vcxproj -> C:\Users\zgaya\source\repos\TANK\Release\TANK.exe
